02:23:54 **** Incremental Build of configuration Debug for project cute_test_week_1 ****
make all 
Building target: cute_test_week_1
Invoking: MacOS X C++ Linker
g++  -o "cute_test_week_1"  ./src/Test.o   -lweek_1_tests
ld: library not found for -lweek_1_tests
clang: error: linker command failed with exit code 1 (use -v to see invocation)
make: *** [cute_test_week_1] Error 1

02:23:54 Build Finished (took 87ms)

